<?xml version="1.0" encoding="UTF-8"?>
<!-- Generated by org.testng.reporters.JUnitReportReporter -->
<testsuite skipped="0" hostname="MDs-Mac-Pro.local" name="com.graviton.tests.LogInTest" tests="1" failures="0" timestamp="2021-09-08T20:27:39 CDT" time="7.536" errors="0">
  <testcase name="loginTest" time="7.536" classname="com.graviton.tests.LogInTest"/>
  <system-out/>
</testsuite> <!-- com.graviton.tests.LogInTest -->
